\BOOKMARK [0][-]{chapter*.1}{Forord}{}% 1
\BOOKMARK [0][-]{section*.3}{Innhold}{}% 2
\BOOKMARK [0][-]{chapter.1}{Hvordan jobbe systematisk}{}% 3
\BOOKMARK [1][-]{section.1.1}{\305 lage verkt\370y for \345 ikke v\346re redd}{chapter.1}% 4
\BOOKMARK [1][-]{section.1.2}{L\346r av feil}{chapter.1}% 5
\BOOKMARK [1][-]{section.1.3}{Hvordan finne god informasjon}{chapter.1}% 6
\BOOKMARK [1][-]{section.1.4}{Sjekklister fra bakken og opp?}{chapter.1}% 7
\BOOKMARK [1][-]{section.1.5}{Systemer er kjedelig}{chapter.1}% 8
\BOOKMARK [1][-]{section.1.6}{Noen praktiske prinsipper}{chapter.1}% 9
\BOOKMARK [0][-]{chapter.2}{Hjertesykdommer}{}% 10
\BOOKMARK [1][-]{section.2.1}{Anatomi}{chapter.2}% 11
\BOOKMARK [1][-]{section.2.2}{Fysiologi}{chapter.2}% 12
\BOOKMARK [1][-]{section.2.3}{Patologi}{chapter.2}% 13
\BOOKMARK [1][-]{section.2.4}{Klinikk}{chapter.2}% 14
\BOOKMARK [1][-]{section.2.5}{Pasienteksempler}{chapter.2}% 15
\BOOKMARK [0][-]{chapter.3}{Nevrologiske sykdommer}{}% 16
\BOOKMARK [1][-]{section.3.1}{Anatomi}{chapter.3}% 17
\BOOKMARK [1][-]{section.3.2}{Fysiologi}{chapter.3}% 18
\BOOKMARK [1][-]{section.3.3}{Patologi}{chapter.3}% 19
\BOOKMARK [1][-]{section.3.4}{Klinikk}{chapter.3}% 20
\BOOKMARK [1][-]{section.3.5}{Pasienteksempler}{chapter.3}% 21
\BOOKMARK [0][-]{chapter.4}{Lungesykdommer}{}% 22
\BOOKMARK [1][-]{section.4.1}{Anatomi}{chapter.4}% 23
\BOOKMARK [1][-]{section.4.2}{Fysiologi}{chapter.4}% 24
\BOOKMARK [1][-]{section.4.3}{Patologi}{chapter.4}% 25
\BOOKMARK [1][-]{section.4.4}{Klinikk}{chapter.4}% 26
\BOOKMARK [1][-]{section.4.5}{Pasienteksempler}{chapter.4}% 27
\BOOKMARK [0][-]{chapter.5}{Urinveier}{}% 28
\BOOKMARK [1][-]{section.5.1}{Anatomi}{chapter.5}% 29
\BOOKMARK [1][-]{section.5.2}{Fysiologi}{chapter.5}% 30
\BOOKMARK [1][-]{section.5.3}{Patologi}{chapter.5}% 31
\BOOKMARK [1][-]{section.5.4}{Klinikk}{chapter.5}% 32
\BOOKMARK [1][-]{section.5.5}{Pasienteksempler}{chapter.5}% 33
\BOOKMARK [0][-]{chapter.6}{Delir}{}% 34
\BOOKMARK [1][-]{section.6.1}{Anatomi}{chapter.6}% 35
\BOOKMARK [1][-]{section.6.2}{Fysiologi}{chapter.6}% 36
\BOOKMARK [1][-]{section.6.3}{Patologi}{chapter.6}% 37
\BOOKMARK [1][-]{section.6.4}{Klinikk}{chapter.6}% 38
\BOOKMARK [1][-]{section.6.5}{Pasienteksempler}{chapter.6}% 39
\BOOKMARK [0][-]{chapter.7}{Diabetes i alderdommen}{}% 40
\BOOKMARK [1][-]{section.7.1}{Anatomi}{chapter.7}% 41
\BOOKMARK [1][-]{section.7.2}{Fysiologi}{chapter.7}% 42
\BOOKMARK [1][-]{section.7.3}{Patologi}{chapter.7}% 43
\BOOKMARK [1][-]{section.7.4}{Klinikk}{chapter.7}% 44
\BOOKMARK [1][-]{section.7.5}{Pasienteksempler}{chapter.7}% 45
\BOOKMARK [0][-]{section*.30}{Kilder:}{}% 46
